# JRE version: Java(TM) SE Runtime Environment (8.0_152-b16) (build 1.8.0_152-b16)
# Java VM: Java HotSpot(TM) 64-Bit Server VM (25.152-b16 mixed mode windows-amd64 compressed oops)
Heap:
 PSYoungGen      total 252928K, used 87702K [0x00000000ec400000, 0x00000000fc300000, 0x0000000100000000)
  eden space 244736K, 32% used [0x00000000ec400000,0x00000000f11a7888,0x00000000fb300000)
  from space 8192K, 99% used [0x00000000fb300000,0x00000000fbafe228,0x00000000fbb00000)
  to   space 8192K, 0% used [0x00000000fbb00000,0x00000000fbb00000,0x00000000fc300000)
 ParOldGen       total 33792K, used 9913K [0x00000000c4c00000, 0x00000000c6d00000, 0x00000000ec400000)
  object space 33792K, 29% used [0x00000000c4c00000,0x00000000c55ae5f8,0x00000000c6d00000)
 Metaspace       used 32062K, capacity 32414K, committed 32768K, reserved 1079296K
  class space    used 3647K, capacity 3746K, committed 3840K, reserved 1048576K
GC Heap History (10 events):
Event: 13.884 GC heap before
{Heap before GC invocations=6 (full 0):
 PSYoungGen      total 64000K, used 63989K [0x00000000ec400000, 0x00000000f4700000, 0x0000000100000000)
  eden space 61440K, 100% used [0x00000000ec400000,0x00000000f0000000,0x00000000f0000000)
  from space 2560K, 99% used [0x00000000f0000000,0x00000000f027d410,0x00000000f0280000)
  to   space 5632K, 0% used [0x00000000f4180000,0x00000000f4180000,0x00000000f4700000)
 ParOldGen       total 40960K, used 3805K [0x00000000c4c00000, 0x00000000c7400000, 0x00000000ec400000)
  object space 40960K, 9% used [0x00000000c4c00000,0x00000000c4fb7680,0x00000000c7400000)
 Metaspace       used 13687K, capacity 13806K, committed 13952K, reserved 1060864K
  class space    used 1542K, capacity 1575K, committed 1664K, reserved 1048576K
Event: 13.943 GC heap after
Heap after GC invocations=6 (full 0):
 PSYoungGen      total 128000K, used 5194K [0x00000000ec400000, 0x00000000f4800000, 0x0000000100000000)
  eden space 122368K, 0% used [0x00000000ec400000,0x00000000ec400000,0x00000000f3b80000)
  from space 5632K, 92% used [0x00000000f4180000,0x00000000f4692800,0x00000000f4700000)
  to   space 6144K, 0% used [0x00000000f3b80000,0x00000000f3b80000,0x00000000f4180000)
 ParOldGen       total 40960K, used 3813K [0x00000000c4c00000, 0x00000000c7400000, 0x00000000ec400000)
  object space 40960K, 9% used [0x00000000c4c00000,0x00000000c4fb9680,0x00000000c7400000)
 Metaspace       used 13687K, capacity 13806K, committed 13952K, reserved 1060864K
  class space    used 1542K, capacity 1575K, committed 1664K, reserved 1048576K
}
Event: 18.644 GC heap before
{Heap before GC invocations=7 (full 0):
 PSYoungGen      total 128000K, used 127562K [0x00000000ec400000, 0x00000000f4800000, 0x0000000100000000)
  eden space 122368K, 100% used [0x00000000ec400000,0x00000000f3b80000,0x00000000f3b80000)
  from space 5632K, 92% used [0x00000000f4180000,0x00000000f4692800,0x00000000f4700000)
  to   space 6144K, 0% used [0x00000000f3b80000,0x00000000f3b80000,0x00000000f4180000)
 ParOldGen       total 40960K, used 3813K [0x00000000c4c00000, 0x00000000c7400000, 0x00000000ec400000)
  object space 40960K, 9% used [0x00000000c4c00000,0x00000000c4fb9680,0x00000000c7400000)
 Metaspace       used 18529K, capacity 18674K, committed 19072K, reserved 1067008K
  class space    used 2082K, capacity 2125K, committed 2176K, reserved 1048576K
Event: 18.683 GC heap after
Heap after GC invocations=7 (full 0):
 PSYoungGen      total 128512K, used 6127K [0x00000000ec400000, 0x00000000fc300000, 0x0000000100000000)
  eden space 122368K, 0% used [0x00000000ec400000,0x00000000ec400000,0x00000000f3b80000)
  from space 6144K, 99% used [0x00000000f3b80000,0x00000000f417bfd8,0x00000000f4180000)
  to   space 8192K, 0% used [0x00000000fbb00000,0x00000000fbb00000,0x00000000fc300000)
 ParOldGen       total 40960K, used 5518K [0x00000000c4c00000, 0x00000000c7400000, 0x00000000ec400000)
  object space 40960K, 13% used [0x00000000c4c00000,0x00000000c5163a10,0x00000000c7400000)
 Metaspace       used 18529K, capacity 18674K, committed 19072K, reserved 1067008K
  class space    used 2082K, capacity 2125K, committed 2176K, reserved 1048576K
}
Event: 21.847 GC heap before
{Heap before GC invocations=8 (full 0):
 PSYoungGen      total 128512K, used 71062K [0x00000000ec400000, 0x00000000fc300000, 0x0000000100000000)
  eden space 122368K, 53% used [0x00000000ec400000,0x00000000f03699f8,0x00000000f3b80000)
  from space 6144K, 99% used [0x00000000f3b80000,0x00000000f417bfd8,0x00000000f4180000)
  to   space 8192K, 0% used [0x00000000fbb00000,0x00000000fbb00000,0x00000000fc300000)
 ParOldGen       total 40960K, used 5518K [0x00000000c4c00000, 0x00000000c7400000, 0x00000000ec400000)
  object space 40960K, 13% used [0x00000000c4c00000,0x00000000c5163a10,0x00000000c7400000)
 Metaspace       used 20964K, capacity 21164K, committed 21296K, reserved 1069056K
  class space    used 2355K, capacity 2408K, committed 2432K, reserved 1048576K
Event: 21.880 GC heap after
Heap after GC invocations=8 (full 0):
 PSYoungGen      total 252928K, used 4969K [0x00000000ec400000, 0x00000000fc300000, 0x0000000100000000)
  eden space 244736K, 0% used [0x00000000ec400000,0x00000000ec400000,0x00000000fb300000)
  from space 8192K, 60% used [0x00000000fbb00000,0x00000000fbfda410,0x00000000fc300000)
  to   space 8192K, 0% used [0x00000000fb300000,0x00000000fb300000,0x00000000fbb00000)
 ParOldGen       total 40960K, used 6268K [0x00000000c4c00000, 0x00000000c7400000, 0x00000000ec400000)
  object space 40960K, 15% used [0x00000000c4c00000,0x00000000c521f310,0x00000000c7400000)
 Metaspace       used 20964K, capacity 21164K, committed 21296K, reserved 1069056K
  class space    used 2355K, capacity 2408K, committed 2432K, reserved 1048576K
}
Event: 21.881 GC heap before
{Heap before GC invocations=9 (full 1):
 PSYoungGen      total 252928K, used 4969K [0x00000000ec400000, 0x00000000fc300000, 0x0000000100000000)
  eden space 244736K, 0% used [0x00000000ec400000,0x00000000ec400000,0x00000000fb300000)
  from space 8192K, 60% used [0x00000000fbb00000,0x00000000fbfda410,0x00000000fc300000)
  to   space 8192K, 0% used [0x00000000fb300000,0x00000000fb300000,0x00000000fbb00000)
 ParOldGen       total 40960K, used 6268K [0x00000000c4c00000, 0x00000000c7400000, 0x00000000ec400000)
  object space 40960K, 15% used [0x00000000c4c00000,0x00000000c521f310,0x00000000c7400000)
 Metaspace       used 20964K, capacity 21164K, committed 21296K, reserved 1069056K
  class space    used 2355K, capacity 2408K, committed 2432K, reserved 1048576K
Event: 22.573 GC heap after
Heap after GC invocations=9 (full 1):
 PSYoungGen      total 252928K, used 0K [0x00000000ec400000, 0x00000000fc300000, 0x0000000100000000)
  eden space 244736K, 0% used [0x00000000ec400000,0x00000000ec400000,0x00000000fb300000)
  from space 8192K, 0% used [0x00000000fbb00000,0x00000000fbb00000,0x00000000fc300000)
  to   space 8192K, 0% used [0x00000000fb300000,0x00000000fb300000,0x00000000fbb00000)
 ParOldGen       total 33792K, used 7031K [0x00000000c4c00000, 0x00000000c6d00000, 0x00000000ec400000)
  object space 33792K, 20% used [0x00000000c4c00000,0x00000000c52ddea8,0x00000000c6d00000)
 Metaspace       used 20964K, capacity 21164K, committed 21296K, reserved 1069056K
  class space    used 2355K, capacity 2408K, committed 2432K, reserved 1048576K
}
Event: 36.537 GC heap before
{Heap before GC invocations=10 (full 1):
 PSYoungGen      total 252928K, used 244736K [0x00000000ec400000, 0x00000000fc300000, 0x0000000100000000)
  eden space 244736K, 100% used [0x00000000ec400000,0x00000000fb300000,0x00000000fb300000)
  from space 8192K, 0% used [0x00000000fbb00000,0x00000000fbb00000,0x00000000fc300000)
  to   space 8192K, 0% used [0x00000000fb300000,0x00000000fb300000,0x00000000fbb00000)
 ParOldGen       total 33792K, used 7031K [0x00000000c4c00000, 0x00000000c6d00000, 0x00000000ec400000)
  object space 33792K, 20% used [0x00000000c4c00000,0x00000000c52ddea8,0x00000000c6d00000)
 Metaspace       used 30693K, capacity 31096K, committed 31616K, reserved 1077248K
  class space    used 3496K, capacity 3585K, committed 3712K, reserved 1048576K
Event: 36.749 GC heap after
Heap after GC invocations=10 (full 1):
 PSYoungGen      total 252928K, used 8184K [0x00000000ec400000, 0x00000000fc300000, 0x0000000100000000)
  eden space 244736K, 0% used [0x00000000ec400000,0x00000000ec400000,0x00000000fb300000)
  from space 8192K, 99% used [0x00000000fb300000,0x00000000fbafe228,0x00000000fbb00000)
  to   space 8192K, 0% used [0x00000000fbb00000,0x00000000fbb00000,0x00000000fc300000)
 ParOldGen       total 33792K, used 9913K [0x00000000c4c00000, 0x00000000c6d00000, 0x00000000ec400000)
  object space 33792K, 29% used [0x00000000c4c00000,0x00000000c55ae5f8,0x00000000c6d00000)
 Metaspace       used 30693K, capacity 31096K, committed 31616K, reserved 1077248K
  class space    used 3496K, capacity 3585K, committed 3712K, reserved 1048576K
}

